Copyright 1986-2022 Xilinx, Inc. All Rights Reserved. Copyright 2022-2026 Advanced Micro Devices, Inc. All Rights Reserved.
-------------------------------------------------------------------------------------------------------------------------------------------------------------------------
| Tool Version : Vivado v.2026.1 (win64) Build 6511674 Tue Jun 16 11:02:23 MDT 2026
| Date         : Sat Jul 11 00:37:15 2026
| Host         : AX16PRO running 64-bit major release  (build 9200)
| Command      : report_timing_summary -file {D:/Project_MBSE/1.Reti Neurali/Rete_SNN_Test/CF_FSNN/.worktrees/Simulink_Importer/matlab/axi/build/phase_b/timing_ann.rpt}
| Design       : ann_mlp_flat
| Device       : 7z020-clg400
| Speed File   : -1  PRODUCTION 1.12 2019-11-22
| Design State : Routed
-------------------------------------------------------------------------------------------------------------------------------------------------------------------------

Timing Summary Report

------------------------------------------------------------------------------------------------
| Timer Settings
| --------------
------------------------------------------------------------------------------------------------

  Enable Multi Corner Analysis               :  Yes
  Enable Pessimism Removal                   :  Yes
  Pessimism Removal Resolution               :  Nearest Common Node
  Enable Input Delay Default Clock           :  No
  Enable Preset / Clear Arcs                 :  No
  Disable Flight Delays                      :  No
  Ignore I/O Paths                           :  No
  Timing Early Launch at Borrowing Latches   :  No
  Borrow Time for Max Delay Exceptions       :  Yes
  Merge Timing Exceptions                    :  Yes
  Inter-SLR Compensation                     :  Conservative

  Corner  Analyze    Analyze    
  Name    Max Paths  Min Paths  
  ------  ---------  ---------  
  Slow    Yes        Yes        
  Fast    Yes        Yes        


------------------------------------------------------------------------------------------------
| Report Methodology
| ------------------
------------------------------------------------------------------------------------------------

No report available as report_methodology has not been run prior. Run report_methodology on the current design for the summary of methodology violations.



check_timing report

Table of Contents
-----------------
1. checking no_clock (0)
2. checking constant_clock (0)
3. checking pulse_width_clock (0)
4. checking unconstrained_internal_endpoints (0)
5. checking no_input_delay (79)
6. checking no_output_delay (107)
7. checking multiple_clock (0)
8. checking generated_clocks (0)
9. checking loops (0)
10. checking partial_input_delay (0)
11. checking partial_output_delay (0)
12. checking latch_loops (0)

1. checking no_clock (0)
------------------------
 There are 0 register/latch pins with no clock.


2. checking constant_clock (0)
------------------------------
 There are 0 register/latch pins with constant_clock.


3. checking pulse_width_clock (0)
---------------------------------
 There are 0 register/latch pins which need pulse_width check


4. checking unconstrained_internal_endpoints (0)
------------------------------------------------
 There are 0 pins that are not constrained for maximum delay.

 There are 0 pins that are not constrained for maximum delay due to constant clock.


5. checking no_input_delay (79)
-------------------------------
 There are 79 input ports with no input delay specified. (HIGH)

 There are 0 input ports with no input delay but user has a false path constraint.


6. checking no_output_delay (107)
---------------------------------
 There are 107 ports with no output delay specified. (HIGH)

 There are 0 ports with no output delay but user has a false path constraint

 There are 0 ports with no output delay but with a timing clock defined on it or propagating through it


7. checking multiple_clock (0)
------------------------------
 There are 0 register/latch pins with multiple clocks.


8. checking generated_clocks (0)
--------------------------------
 There are 0 generated clocks that are not connected to a clock source.


9. checking loops (0)
---------------------
 There are 0 combinational loops in the design.


10. checking partial_input_delay (0)
------------------------------------
 There are 0 input ports with partial input delay specified.


11. checking partial_output_delay (0)
-------------------------------------
 There are 0 ports with partial output delay specified.


12. checking latch_loops (0)
----------------------------
 There are 0 combinational latch loops in the design through latch input



------------------------------------------------------------------------------------------------
| Design Timing Summary
| ---------------------
------------------------------------------------------------------------------------------------

    WNS(ns)      TNS(ns)  TNS Failing Endpoints  TNS Total Endpoints      WHS(ns)      THS(ns)  THS Failing Endpoints  THS Total Endpoints     WPWS(ns)     TPWS(ns)  TPWS Failing Endpoints  TPWS Total Endpoints  
    -------      -------  ---------------------  -------------------      -------      -------  ---------------------  -------------------     --------     --------  ----------------------  --------------------  
    106.989        0.000                      0                 1432        0.100        0.000                      0                 1432       61.250        0.000                       0                   634  


All user specified timing constraints are met.


------------------------------------------------------------------------------------------------
| Clock Summary
| -------------
------------------------------------------------------------------------------------------------

Clock  Waveform(ns)         Period(ns)      Frequency(MHz)
-----  ------------         ----------      --------------
clk    {0.000 62.500}       125.000         8.000           


------------------------------------------------------------------------------------------------
| Intra Clock Table
| -----------------
------------------------------------------------------------------------------------------------

Clock             WNS(ns)      TNS(ns)  TNS Failing Endpoints  TNS Total Endpoints      WHS(ns)      THS(ns)  THS Failing Endpoints  THS Total Endpoints     WPWS(ns)     TPWS(ns)  TPWS Failing Endpoints  TPWS Total Endpoints  
-----             -------      -------  ---------------------  -------------------      -------      -------  ---------------------  -------------------     --------     --------  ----------------------  --------------------  
clk               106.989        0.000                      0                 1432        0.100        0.000                      0                 1432       61.250        0.000                       0                   634  


------------------------------------------------------------------------------------------------
| Inter Clock Table
| -----------------
------------------------------------------------------------------------------------------------

From Clock    To Clock          WNS(ns)      TNS(ns)  TNS Failing Endpoints  TNS Total Endpoints      WHS(ns)      THS(ns)  THS Failing Endpoints  THS Total Endpoints  
----------    --------          -------      -------  ---------------------  -------------------      -------      -------  ---------------------  -------------------  


------------------------------------------------------------------------------------------------
| Other Path Groups Table
| -----------------------
------------------------------------------------------------------------------------------------

Path Group    From Clock    To Clock          WNS(ns)      TNS(ns)  TNS Failing Endpoints  TNS Total Endpoints      WHS(ns)      THS(ns)  THS Failing Endpoints  THS Total Endpoints  
----------    ----------    --------          -------      -------  ---------------------  -------------------      -------      -------  ---------------------  -------------------  


------------------------------------------------------------------------------------------------
| Timing Details
| --------------
------------------------------------------------------------------------------------------------


---------------------------------------------------------------------------------------------------
From Clock:  clk
  To Clock:  clk

Setup :            0  Failing Endpoints,  Worst Slack      106.989ns,  Total Violation        0.000ns
Hold  :            0  Failing Endpoints,  Worst Slack        0.100ns,  Total Violation        0.000ns
PW    :            0  Failing Endpoints,  Worst Slack       61.250ns,  Total Violation        0.000ns
---------------------------------------------------------------------------------------------------


Max Delay Paths
--------------------------------------------------------------------------------------
Slack (MET) :             106.989ns  (required time - arrival time)
  Source:                 u/delayMatch_reg_15_reg[2][0]/C
                            (rising edge-triggered cell FDCE clocked by clk  {rise@0.000ns fall@62.500ns period=125.000ns})
  Destination:            u/outr_reg[3][15]/D
                            (rising edge-triggered cell FDCE clocked by clk  {rise@0.000ns fall@62.500ns period=125.000ns})
  Path Group:             clk
  Path Type:              Setup (Max at Slow Process Corner)
  Requirement:            125.000ns  (clk rise@125.000ns - clk rise@0.000ns)
  Data Path Delay:        17.958ns  (logic 5.293ns (29.475%)  route 12.665ns (70.525%))
  Logic Levels:           7  (DSP48E1=1 LUT3=1 LUT6=5)
  Clock Path Skew:        -0.049ns (DCD - SCD + CPR)
    Destination Clock Delay (DCD):    0.924ns = ( 125.924 - 125.000 ) 
    Source Clock Delay      (SCD):    0.973ns
    Clock Pessimism Removal (CPR):    0.000ns
  Clock Uncertainty:      0.035ns  ((TSJ^2 + TIJ^2)^1/2 + DJ) / 2 + PE
    Total System Jitter     (TSJ):    0.071ns
    Total Input Jitter      (TIJ):    0.000ns
    Discrete Jitter          (DJ):    0.000ns
    Phase Error              (PE):    0.000ns

    Location             Delay type                Incr(ns)  Path(ns)    Netlist Resource(s)
  -------------------------------------------------------------------    -------------------
                         (clock clk rise edge)        0.000     0.000 r  <hidden>
                                                      0.000     0.000 r  clk
                         net (fo=633, unset)          0.973     0.973    u/clk
    SLICE_X28Y73         FDCE                                         r  u/delayMatch_reg_15_reg[2][0]/C
  -------------------------------------------------------------------    -------------------
    SLICE_X28Y73         FDCE (Prop_fdce_C_Q)         0.456     1.429 r  u/delayMatch_reg_15_reg[2][0]/Q
                         net (fo=58, routed)          1.880     3.309    u/delayMatch_reg_15_reg[2][0]
    SLICE_X27Y68         LUT6 (Prop_lut6_I4_O)        0.124     3.433 r  u/p56acc_add_temp_i_31/O
                         net (fo=1, routed)           0.946     4.379    u/p56acc_add_temp_i_31_n_0
    SLICE_X30Y66         LUT3 (Prop_lut3_I2_O)        0.152     4.531 r  u/p56acc_add_temp_i_12/O
                         net (fo=1, routed)           0.771     5.302    u/A[7]
    DSP48_X2Y26          DSP48E1 (Prop_dsp48e1_A[7]_P[40])
                                                      4.065     9.367 f  u/p56acc_add_temp/P[40]
                         net (fo=146, routed)         3.866    13.233    u/p_1_in16_in
    SLICE_X37Y72         LUT6 (Prop_lut6_I2_O)        0.124    13.357 f  u/out_rsvd[0][20]_INST_0_i_30/O
                         net (fo=1, routed)           1.171    14.528    u/out_rsvd[0][20]_INST_0_i_30_n_0
    SLICE_X35Y71         LUT6 (Prop_lut6_I3_O)        0.124    14.652 r  u/out_rsvd[0][20]_INST_0_i_10/O
                         net (fo=1, routed)           0.799    15.451    u/out_rsvd[0][20]_INST_0_i_10_n_0
    SLICE_X37Y71         LUT6 (Prop_lut6_I3_O)        0.124    15.575 f  u/out_rsvd[0][20]_INST_0_i_3/O
                         net (fo=210, routed)         3.232    18.807    u/out_rsvd[0][20]_INST_0_i_3_n_0
    SLICE_X39Y76         LUT6 (Prop_lut6_I2_O)        0.124    18.931 r  u/outr[3][15]_i_1/O
                         net (fo=1, routed)           0.000    18.931    u/outr_1[3][15]
    SLICE_X39Y76         FDCE                                         r  u/outr_reg[3][15]/D
  -------------------------------------------------------------------    -------------------

                         (clock clk rise edge)      125.000   125.000 r  <hidden>
                                                      0.000   125.000 r  clk
                         net (fo=633, unset)          0.924   125.924    u/clk
    SLICE_X39Y76         FDCE                                         r  u/outr_reg[3][15]/C
                         clock pessimism              0.000   125.924    <hidden>
                         clock uncertainty           -0.035   125.889    <hidden>
    SLICE_X39Y76         FDCE (Setup_fdce_C_D)        0.031   125.920    u/outr_reg[3][15]
  -------------------------------------------------------------------
                         required time                        125.920    <hidden>
                         arrival time                         -18.931    <hidden>
  -------------------------------------------------------------------
                         slack                                106.989    <hidden>





Min Delay Paths
--------------------------------------------------------------------------------------
Slack (MET) :             0.100ns  (arrival time - required time)
  Source:                 u/delayMatch_reg_14_reg[0][0]/C
                            (rising edge-triggered cell FDCE clocked by clk  {rise@0.000ns fall@62.500ns period=125.000ns})
  Destination:            u/delayMatch_reg_14_reg[1][0]/D
                            (rising edge-triggered cell FDCE clocked by clk  {rise@0.000ns fall@62.500ns period=125.000ns})
  Path Group:             clk
  Path Type:              Hold (Min at Fast Process Corner)
  Requirement:            0.000ns  (clk rise@0.000ns - clk rise@0.000ns)
  Data Path Delay:        0.197ns  (logic 0.141ns (71.611%)  route 0.056ns (28.389%))
  Logic Levels:           0  
  Clock Path Skew:        0.022ns (DCD - SCD - CPR)
    Destination Clock Delay (DCD):    0.432ns
    Source Clock Delay      (SCD):    0.410ns
    Clock Pessimism Removal (CPR):    -0.000ns

    Location             Delay type                Incr(ns)  Path(ns)    Netlist Resource(s)
  -------------------------------------------------------------------    -------------------
                         (clock clk rise edge)        0.000     0.000 r  <hidden>
                                                      0.000     0.000 r  clk
                         net (fo=633, unset)          0.410     0.410    u/clk
    SLICE_X31Y76         FDCE                                         r  u/delayMatch_reg_14_reg[0][0]/C
  -------------------------------------------------------------------    -------------------
    SLICE_X31Y76         FDCE (Prop_fdce_C_Q)         0.141     0.551 r  u/delayMatch_reg_14_reg[0][0]/Q
                         net (fo=1, routed)           0.056     0.607    u/delayMatch_reg_14_reg[0][0]
    SLICE_X31Y76         FDCE                                         r  u/delayMatch_reg_14_reg[1][0]/D
  -------------------------------------------------------------------    -------------------

                         (clock clk rise edge)        0.000     0.000 r  <hidden>
                                                      0.000     0.000 r  clk
                         net (fo=633, unset)          0.432     0.432    u/clk
    SLICE_X31Y76         FDCE                                         r  u/delayMatch_reg_14_reg[1][0]/C
                         clock pessimism              0.000     0.432    <hidden>
    SLICE_X31Y76         FDCE (Hold_fdce_C_D)         0.075     0.507    u/delayMatch_reg_14_reg[1][0]
  -------------------------------------------------------------------
                         required time                         -0.507    <hidden>
                         arrival time                           0.607    <hidden>
  -------------------------------------------------------------------
                         slack                                  0.100    <hidden>





Pulse Width Checks
--------------------------------------------------------------------------------------
Clock Name:         clk
Waveform(ns):       { 0.000 62.500 }
Period(ns):         125.000
Sources:            { clk }

Check Type        Corner  Lib Pin             Reference Pin  Required(ns)  Actual(ns)  Slack(ns)  Location      Pin
Min Period        n/a     RAMB18E1/CLKARDCLK  n/a            2.576         125.000     122.424    RAMB18_X2Y26  u/s_12_reg/CLKARDCLK
Low Pulse Width   Slow    RAMD32/CLK          n/a            1.250         62.500      61.250     SLICE_X30Y69  u/u_h1_ram_generic/ram_reg_0_31_0_5/RAMA/CLK
High Pulse Width  Slow    RAMD32/CLK          n/a            1.250         62.500      61.250     SLICE_X30Y69  u/u_h1_ram_generic/ram_reg_0_31_0_5/RAMA/CLK



